c:\users\nescave\source\repos\sdl_project_0\x64\debug\sdl_project_0.pdb
c:\users\nescave\source\repos\sdl_project_0\x64\debug\sdl_project_0.idb
c:\users\nescave\source\repos\sdl_project_0\sdl_project_0\x64\debug\actor.obj
c:\users\nescave\source\repos\sdl_project_0\sdl_project_0\x64\debug\assetmanager.obj
c:\users\nescave\source\repos\sdl_project_0\sdl_project_0\x64\debug\component.obj
c:\users\nescave\source\repos\sdl_project_0\sdl_project_0\x64\debug\sdl_project_0.pch
c:\users\nescave\source\repos\sdl_project_0\sdl_project_0\x64\debug\clock.obj
c:\users\nescave\source\repos\sdl_project_0\sdl_project_0\x64\debug\collider.obj
c:\users\nescave\source\repos\sdl_project_0\x64\debug\sdl_project_0.lib
c:\users\nescave\source\repos\sdl_project_0\sdl_project_0\x64\debug\core.obj
c:\users\nescave\source\repos\sdl_project_0\sdl_project_0\x64\debug\coretypes.obj
c:\users\nescave\source\repos\sdl_project_0\sdl_project_0\x64\debug\entity.obj
c:\users\nescave\source\repos\sdl_project_0\sdl_project_0\x64\debug\input.obj
c:\users\nescave\source\repos\sdl_project_0\sdl_project_0\x64\debug\object.obj
c:\users\nescave\source\repos\sdl_project_0\sdl_project_0\x64\debug\random.obj
c:\users\nescave\source\repos\sdl_project_0\sdl_project_0\x64\debug\renderercore.obj
c:\users\nescave\source\repos\sdl_project_0\sdl_project_0\x64\debug\rendererutils.obj
c:\users\nescave\source\repos\sdl_project_0\sdl_project_0\x64\debug\renderobject.obj
c:\users\nescave\source\repos\sdl_project_0\sdl_project_0\x64\debug\stdafx.obj
c:\users\nescave\source\repos\sdl_project_0\sdl_project_0\x64\debug\text.obj
c:\users\nescave\source\repos\sdl_project_0\sdl_project_0\x64\debug\transform.obj
c:\users\nescave\source\repos\sdl_project_0\sdl_project_0\x64\debug\sdl_project_0.tlog\cl.command.1.tlog
c:\users\nescave\source\repos\sdl_project_0\sdl_project_0\x64\debug\sdl_project_0.tlog\cl.read.1.tlog
c:\users\nescave\source\repos\sdl_project_0\sdl_project_0\x64\debug\sdl_project_0.tlog\cl.write.1.tlog
c:\users\nescave\source\repos\sdl_project_0\sdl_project_0\x64\debug\sdl_project_0.tlog\lib-link.read.1.tlog
c:\users\nescave\source\repos\sdl_project_0\sdl_project_0\x64\debug\sdl_project_0.tlog\lib-link.write.1.tlog
c:\users\nescave\source\repos\sdl_project_0\sdl_project_0\x64\debug\sdl_project_0.tlog\lib.command.1.tlog
